<?xml version="1.0" encoding="UTF-8"?>
<testsuite xmlns:xsi="http://www.w3.org/2001/XMLSchema-instance" xsi:noNamespaceSchemaLocation="https://maven.apache.org/surefire/maven-surefire-plugin/xsd/surefire-test-report-3.0.xsd" version="3.0" name="com.sofi.ledgerpro.ApplicationTests" time="11.898" tests="1" errors="0" skipped="0" failures="0">
  <properties>
[...]
</properties>
  <testcase name="contextLoads" classname="com.sofi.ledgerpro.ApplicationTests" time="0.488">
    <system-out><![CDATA[22:13:13.533 [main] INFO org.springframework.test.context.support.AnnotationConfigContextLoaderUtils -- Could not detect default configuration classes for test class [com.sofi.ledgerpro.ApplicationTests]: ApplicationTests does not declare any static, non-private, non-final, nested classes annotated with @Configuration.
22:13:13.780 [main] INFO org.springframework.boot.test.context.SpringBootTestContextBootstrapper -- Found @SpringBootConfiguration com.sofi.ledgerpro.Application for test class com.sofi.ledgerpro.ApplicationTests

  .   ____          _            __ _ _
 /\\ / ___'_ __ _ _(_)_ __  __ _ \ \ \ \
( ( )\___ | '_ | '_| | '_ \/ _` | \ \ \ \
 \\/  ___)| |_)| | | | | || (_| |  ) ) ) )
  '  |____| .__|_| |_|_| |_\__, | / / / /
 =========|_|==============|___/=/_/_/_/

 :: Spring Boot ::                (v3.5.6)

2025-09-20T22:13:14.658Z  INFO 18916 --- [           main] com.sofi.ledgerpro.ApplicationTests      : Starting ApplicationTests using Java 21.0.8 with PID 18916 (started by Sofia in C:\Users\Sofia\Downloads\elite_test_projects\java-ledgerpro)
2025-09-20T22:13:14.658Z  INFO 18916 --- [           main] com.sofi.ledgerpro.ApplicationTests      : No active profile set, falling back to 1 default profile: "default"
2025-09-20T22:13:16.845Z  INFO 18916 --- [           main] .s.d.r.c.RepositoryConfigurationDelegate : Bootstrapping Spring Data JPA repositories in DEFAULT mode.
2025-09-20T22:13:16.975Z  INFO 18916 --- [           main] .s.d.r.c.RepositoryConfigurationDelegate : Finished Spring Data repository scanning in 113 ms. Found 3 JPA repository interfaces.
2025-09-20T22:13:18.237Z  INFO 18916 --- [           main] com.zaxxer.hikari.HikariDataSource       : HikariPool-1 - Starting...
2025-09-20T22:13:18.635Z  INFO 18916 --- [           main] com.zaxxer.hikari.pool.HikariPool        : HikariPool-1 - Added connection org.postgresql.jdbc.PgConnection@69d667a5
2025-09-20T22:13:18.635Z  INFO 18916 --- [           main] com.zaxxer.hikari.HikariDataSource       : HikariPool-1 - Start completed.
2025-09-20T22:13:18.710Z  INFO 18916 --- [           main] org.flywaydb.core.FlywayExecutor         : Database: jdbc:postgresql://localhost:5432/appdb (PostgreSQL 16.10)
2025-09-20T22:13:18.892Z  INFO 18916 --- [           main] o.f.c.i.s.JdbcTableSchemaHistory         : Schema history table "public"."flyway_schema_history" does not exist yet
2025-09-20T22:13:18.898Z  INFO 18916 --- [           main] o.f.core.internal.command.DbValidate     : Successfully validated 3 migrations (execution time 00:00.050s)
2025-09-20T22:13:19.010Z  INFO 18916 --- [           main] o.f.c.i.s.JdbcTableSchemaHistory         : Creating Schema History table "public"."flyway_schema_history" ...
2025-09-20T22:13:19.211Z  INFO 18916 --- [           main] o.f.core.internal.command.DbMigrate      : Current version of schema "public": << Empty Schema >>
2025-09-20T22:13:19.232Z  INFO 18916 --- [           main] o.f.core.internal.command.DbMigrate      : Migrating schema "public" to version "1 - init"
2025-09-20T22:13:19.377Z  INFO 18916 --- [           main] o.f.core.internal.command.DbMigrate      : Migrating schema "public" to version "2 - users"
2025-09-20T22:13:19.428Z  INFO 18916 --- [           main] o.f.core.internal.command.DbMigrate      : Migrating schema "public" to version "3 - accounts owner"
2025-09-20T22:13:19.473Z  INFO 18916 --- [           main] o.f.core.internal.command.DbMigrate      : Successfully applied 3 migrations to schema "public", now at version v3 (execution time 00:00.148s)
2025-09-20T22:13:19.664Z  INFO 18916 --- [           main] o.hibernate.jpa.internal.util.LogHelper  : HHH000204: Processing PersistenceUnitInfo [name: default]
2025-09-20T22:13:19.774Z  INFO 18916 --- [           main] org.hibernate.Version                    : HHH000412: Hibernate ORM core version 6.6.29.Final
2025-09-20T22:13:19.827Z  INFO 18916 --- [           main] o.h.c.internal.RegionFactoryInitiator    : HHH000026: Second-level cache disabled
2025-09-20T22:13:20.253Z  INFO 18916 --- [           main] o.s.o.j.p.SpringPersistenceUnitInfo      : No LoadTimeWeaver setup: ignoring JPA class transformer
2025-09-20T22:13:20.378Z  INFO 18916 --- [           main] org.hibernate.orm.connections.pooling    : HHH10001005: Database info:
	Database JDBC URL [Connecting through datasource 'HikariDataSource (HikariPool-1)']
	Database driver: undefined/unknown
	Database version: 16.10
	Autocommit mode: undefined/unknown
	Isolation level: undefined/unknown
	Minimum pool size: undefined/unknown
	Maximum pool size: undefined/unknown
2025-09-20T22:13:21.552Z  INFO 18916 --- [           main] o.h.e.t.j.p.i.JtaPlatformInitiator       : HHH000489: No JTA platform available (set 'hibernate.transaction.jta.platform' to enable JTA platform integration)
2025-09-20T22:13:21.655Z  INFO 18916 --- [           main] j.LocalContainerEntityManagerFactoryBean : Initialized JPA EntityManagerFactory for persistence unit 'default'
2025-09-20T22:13:22.654Z  WARN 18916 --- [           main] JpaBaseConfiguration$JpaWebConfiguration : spring.jpa.open-in-view is enabled by default. Therefore, database queries may be performed during view rendering. Explicitly configure spring.jpa.open-in-view to disable this warning
2025-09-20T22:13:23.329Z  INFO 18916 --- [           main] o.s.b.a.e.web.EndpointLinksResolver      : Exposing 1 endpoint beneath base path '/actuator'
2025-09-20T22:13:23.411Z  WARN 18916 --- [           main] .s.s.UserDetailsServiceAutoConfiguration : 

Using generated security password: 44944cdf-42fd-40e7-8227-391c6639a14d

This generated password is for development use only. Your security configuration must be updated before running your application in production.

2025-09-20T22:13:23.435Z  INFO 18916 --- [           main] r$InitializeUserDetailsManagerConfigurer : Global AuthenticationManager configured with UserDetailsService bean with name inMemoryUserDetailsManager
2025-09-20T22:13:24.554Z  INFO 18916 --- [           main] com.sofi.ledgerpro.ApplicationTests      : Started ApplicationTests in 10.481 seconds (process running for 12.2)
]]></system-out>
    <system-err><![CDATA[Mockito is currently self-attaching to enable the inline-mock-maker. This will no longer work in future releases of the JDK. Please add Mockito as an agent to your build as described in Mockito's documentation: https://javadoc.io/doc/org.mockito/mockito-core/latest/org.mockito/org/mockito/Mockito.html#0.3
WARNING: A Java agent has been loaded dynamically (C:\Users\Sofia\.m2\repository\net\bytebuddy\byte-buddy-agent\1.17.7\byte-buddy-agent-1.17.7.jar)
WARNING: If a serviceability tool is in use, please run with -XX:+EnableDynamicAgentLoading to hide this warning
WARNING: If a serviceability tool is not in use, please run with -Djdk.instrument.traceUsage for more information
WARNING: Dynamic loading of agents will be disallowed by default in a future release
]]></system-err>
  </testcase>
</testsuite>